+ '[' 0 = 0 ']'
++ pwd
+ Rscript -e 'p <- .libPaths(); p <- c('\''/__w/gha-build/gha-build/built/'\'', p); .libPaths(p); install.packages('\''/__w/gha-build/gha-build/ArrayExpressHTS'\'', INSTALL_opts = '\''--build'\'', update = TRUE, quiet = FALSE, force = TRUE, keep_outputs = TRUE, type = '\''source'\'', repos = NULL); if('\''ArrayExpressHTS'\'' %in% rownames(installed.packages())) q(status = 0) else q(status = 1)'
Installing package into ‘/__w/gha-build/gha-build/built’
(as ‘lib’ is unspecified)
* installing *source* package ‘ArrayExpressHTS’ ...
** using staged installation
** libs
gcc -I"/usr/local/lib/R/include" -DNDEBUG -D_FILE_OFFSET_BITS=64 -I'/__w/gha-build/gha-build/built/Rhtslib/include' -I/usr/local/include   -fpic  -g -O2 -fstack-protector-strong -Wformat -Werror=format-security -Wdate-time -D_FORTIFY_SOURCE=2 -g  -c addXS.c -o addXS.o
addXS.c: In function ‘addXS’:
addXS.c:42:5: warning: implicit declaration of function ‘Rprintf’; did you mean ‘dprintf’? [-Wimplicit-function-declaration]
   42 |     Rprintf("What?\n");
      |     ^~~~~~~
      |     dprintf
gcc -I"/usr/local/lib/R/include" -DNDEBUG -D_FILE_OFFSET_BITS=64 -I'/__w/gha-build/gha-build/built/Rhtslib/include' -I/usr/local/include   -fpic  -g -O2 -fstack-protector-strong -Wformat -Werror=format-security -Wdate-time -D_FORTIFY_SOURCE=2 -g  -c bam_plbuf.c -o bam_plbuf.o
gcc -I"/usr/local/lib/R/include" -DNDEBUG -D_FILE_OFFSET_BITS=64 -I'/__w/gha-build/gha-build/built/Rhtslib/include' -I/usr/local/include   -fpic  -g -O2 -fstack-protector-strong -Wformat -Werror=format-security -Wdate-time -D_FORTIFY_SOURCE=2 -g  -c fltbam.c -o fltbam.o
fltbam.c:2:10: fatal error: sam.h: No such file or directory
    2 | #include "sam.h"
      |          ^~~~~~~
compilation terminated.
make: *** [/usr/local/lib/R/etc/Makeconf:169: fltbam.o] Error 1
ERROR: compilation failed for package ‘ArrayExpressHTS’
* removing ‘/__w/gha-build/gha-build/built/ArrayExpressHTS’
Warning message:
In install.packages("/__w/gha-build/gha-build/ArrayExpressHTS",  :
  installation of package ‘/__w/gha-build/gha-build/ArrayExpressHTS’ had non-zero exit status
