+ '[' 0 = 0 ']'
+ cd CancerInSilico
+ git checkout RELEASE_3_16
Switched to a new branch 'RELEASE_3_16'
Branch 'RELEASE_3_16' set up to track remote branch 'RELEASE_3_16' from 'origin'.
++ pwd
+ Rscript -e 'p <- .libPaths(); p <- c('\''/__w/gha-build/gha-build/built/'\'', p); .libPaths(p); install.packages('\''/__w/gha-build/gha-build/CancerInSilico'\'', INSTALL_opts = '\''--build'\'', update = TRUE, quiet = FALSE, force = TRUE, keep_outputs = TRUE, type = '\''source'\'', repos = NULL); if('\''CancerInSilico'\'' %in% rownames(installed.packages())) q(status = 0) else q(status = 1)'
Installing package into ‘/__w/gha-build/gha-build/built’
(as ‘lib’ is unspecified)
* installing *source* package ‘CancerInSilico’ ...
** using staged installation
** libs
g++ -std=gnu++14 -I"/usr/local/lib/R/include" -DNDEBUG  -I'/__w/gha-build/gha-build/built/Rcpp/include' -I'/__w/gha-build/gha-build/built/BH/include' -I/usr/local/include   -fpic  -g -O2 -fstack-protector-strong -Wformat -Werror=format-security -Wdate-time -D_FORTIFY_SOURCE=2 -g  -c RunModel.cpp -o RunModel.o
g++ -std=gnu++14 -I"/usr/local/lib/R/include" -DNDEBUG  -I'/__w/gha-build/gha-build/built/Rcpp/include' -I'/__w/gha-build/gha-build/built/BH/include' -I/usr/local/include   -fpic  -g -O2 -fstack-protector-strong -Wformat -Werror=format-security -Wdate-time -D_FORTIFY_SOURCE=2 -g  -c RcppExports.cpp -o RcppExports.o
g++ -std=gnu++14 -I"/usr/local/lib/R/include" -DNDEBUG  -I'/__w/gha-build/gha-build/built/Rcpp/include' -I'/__w/gha-build/gha-build/built/BH/include' -I/usr/local/include   -fpic  -g -O2 -fstack-protector-strong -Wformat -Werror=format-security -Wdate-time -D_FORTIFY_SOURCE=2 -g  -c CellModels/DrasdoHohmeModel.cpp -o CellModels/DrasdoHohmeModel.o
g++ -std=gnu++14 -I"/usr/local/lib/R/include" -DNDEBUG  -I'/__w/gha-build/gha-build/built/Rcpp/include' -I'/__w/gha-build/gha-build/built/BH/include' -I/usr/local/include   -fpic  -g -O2 -fstack-protector-strong -Wformat -Werror=format-security -Wdate-time -D_FORTIFY_SOURCE=2 -g  -c OffLatticeModel/OffLatticeCell.cpp -o OffLatticeModel/OffLatticeCell.o
g++ -std=gnu++14 -I"/usr/local/lib/R/include" -DNDEBUG  -I'/__w/gha-build/gha-build/built/Rcpp/include' -I'/__w/gha-build/gha-build/built/BH/include' -I/usr/local/include   -fpic  -g -O2 -fstack-protector-strong -Wformat -Werror=format-security -Wdate-time -D_FORTIFY_SOURCE=2 -g  -c OffLatticeModel/OffLatticeCellBasedModel.cpp -o OffLatticeModel/OffLatticeCellBasedModel.o
g++ -std=gnu++14 -I"/usr/local/lib/R/include" -DNDEBUG  -I'/__w/gha-build/gha-build/built/Rcpp/include' -I'/__w/gha-build/gha-build/built/BH/include' -I/usr/local/include   -fpic  -g -O2 -fstack-protector-strong -Wformat -Werror=format-security -Wdate-time -D_FORTIFY_SOURCE=2 -g  -c OffLatticeModel/OffLatticeRadiusSolver.cpp -o OffLatticeModel/OffLatticeRadiusSolver.o
g++ -std=gnu++14 -I"/usr/local/lib/R/include" -DNDEBUG  -I'/__w/gha-build/gha-build/built/Rcpp/include' -I'/__w/gha-build/gha-build/built/BH/include' -I/usr/local/include   -fpic  -g -O2 -fstack-protector-strong -Wformat -Werror=format-security -Wdate-time -D_FORTIFY_SOURCE=2 -g  -c Core/Cell.cpp -o Core/Cell.o
g++ -std=gnu++14 -I"/usr/local/lib/R/include" -DNDEBUG  -I'/__w/gha-build/gha-build/built/Rcpp/include' -I'/__w/gha-build/gha-build/built/BH/include' -I/usr/local/include   -fpic  -g -O2 -fstack-protector-strong -Wformat -Werror=format-security -Wdate-time -D_FORTIFY_SOURCE=2 -g  -c Core/CellBasedModel.cpp -o Core/CellBasedModel.o
g++ -std=gnu++14 -I"/usr/local/lib/R/include" -DNDEBUG  -I'/__w/gha-build/gha-build/built/Rcpp/include' -I'/__w/gha-build/gha-build/built/BH/include' -I/usr/local/include   -fpic  -g -O2 -fstack-protector-strong -Wformat -Werror=format-security -Wdate-time -D_FORTIFY_SOURCE=2 -g  -c Core/CellType.cpp -o Core/CellType.o
g++ -std=gnu++14 -I"/usr/local/lib/R/include" -DNDEBUG  -I'/__w/gha-build/gha-build/built/Rcpp/include' -I'/__w/gha-build/gha-build/built/BH/include' -I/usr/local/include   -fpic  -g -O2 -fstack-protector-strong -Wformat -Werror=format-security -Wdate-time -D_FORTIFY_SOURCE=2 -g  -c Core/Drug.cpp -o Core/Drug.o
g++ -std=gnu++14 -I"/usr/local/lib/R/include" -DNDEBUG  -I'/__w/gha-build/gha-build/built/Rcpp/include' -I'/__w/gha-build/gha-build/built/BH/include' -I/usr/local/include   -fpic  -g -O2 -fstack-protector-strong -Wformat -Werror=format-security -Wdate-time -D_FORTIFY_SOURCE=2 -g  -c Core/Random.cpp -o Core/Random.o
g++ -std=gnu++14 -I"/usr/local/lib/R/include" -DNDEBUG  -I'/__w/gha-build/gha-build/built/Rcpp/include' -I'/__w/gha-build/gha-build/built/BH/include' -I/usr/local/include   -fpic  -g -O2 -fstack-protector-strong -Wformat -Werror=format-security -Wdate-time -D_FORTIFY_SOURCE=2 -g  -c test-runner.cpp -o test-runner.o
In file included from /usr/include/signal.h:328,
                 from Tests/catch.h:6450,
                 from test-runner.cpp:2:
Tests/catch.h:6473:33: error: size of array ‘altStackMem’ is not an integral constant-expression
 6473 |         static char altStackMem[SIGSTKSZ];
      |                                 ^~~~~~~~
Tests/catch.h:6524:45: error: size of array ‘altStackMem’ is not an integral constant-expression
 6524 |     char FatalConditionHandler::altStackMem[SIGSTKSZ] = {};
      |                                             ^~~~~~~~
make: *** [/usr/local/lib/R/etc/Makeconf:178: test-runner.o] Error 1
ERROR: compilation failed for package ‘CancerInSilico’
* removing ‘/__w/gha-build/gha-build/built/CancerInSilico’
Warning message:
In install.packages("/__w/gha-build/gha-build/CancerInSilico", INSTALL_opts = "--build",  :
  installation of package ‘/__w/gha-build/gha-build/CancerInSilico’ had non-zero exit status
